2026-01-16 15:30:01,611 [INFO] >>> Iniciando Pipeline ETL
2026-01-16 15:30:01,616 [INFO] Conectando a Firestore...
2026-01-16 15:30:10,943 [INFO] Transformando datos...
2026-01-16 15:30:10,972 [INFO] Conectando a Google Sheets...
2026-01-16 15:30:21,432 [INFO] Procesando Servidores...
2026-01-16 15:30:27,575 [INFO] Procesando Cámaras...
2026-01-16 15:30:40,261 [INFO] <<< Pipeline finalizado con éxito.
2026-01-16 15:31:01,698 [INFO] >>> Iniciando Pipeline ETL
2026-01-16 15:31:01,703 [INFO] Conectando a Firestore...
2026-01-16 15:31:11,143 [INFO] Transformando datos...
2026-01-16 15:31:11,173 [INFO] Conectando a Google Sheets...
2026-01-16 15:31:21,605 [INFO] Procesando Servidores...
2026-01-16 15:31:27,558 [INFO] Procesando Cámaras...
2026-01-16 15:31:38,730 [INFO] <<< Pipeline finalizado con éxito.
2026-01-16 15:32:02,172 [INFO] >>> Iniciando Pipeline ETL
2026-01-16 15:32:02,178 [INFO] Conectando a Firestore...
2026-01-16 15:32:11,745 [INFO] Transformando datos...
2026-01-16 15:32:11,776 [INFO] Conectando a Google Sheets...
2026-01-16 15:32:22,279 [INFO] Procesando Servidores...
2026-01-16 15:32:28,182 [INFO] Procesando Cámaras...
2026-01-16 15:32:39,179 [INFO] <<< Pipeline finalizado con éxito.
2026-01-16 15:33:01,632 [INFO] >>> Iniciando Pipeline ETL
2026-01-16 15:33:01,637 [INFO] Conectando a Firestore...
2026-01-16 15:33:11,100 [INFO] Transformando datos...
2026-01-16 15:33:11,129 [INFO] Conectando a Google Sheets...
2026-01-16 15:33:21,667 [INFO] Procesando Servidores...
2026-01-16 15:33:28,350 [INFO] Procesando Cámaras...
2026-01-16 15:33:39,647 [INFO] <<< Pipeline finalizado con éxito.
2026-01-16 15:34:02,084 [INFO] >>> Iniciando Pipeline ETL
2026-01-16 15:34:02,089 [INFO] Conectando a Firestore...
2026-01-16 15:34:10,531 [INFO] Transformando datos...
2026-01-16 15:34:10,563 [INFO] Conectando a Google Sheets...
2026-01-16 15:34:20,994 [INFO] Procesando Servidores...
2026-01-16 15:34:27,136 [INFO] Procesando Cámaras...
2026-01-16 15:34:38,629 [INFO] <<< Pipeline finalizado con éxito.
2026-01-16 15:35:02,063 [INFO] >>> Iniciando Pipeline ETL
2026-01-16 15:35:02,068 [INFO] Conectando a Firestore...
2026-01-16 15:35:11,667 [INFO] Transformando datos...
2026-01-16 15:35:11,698 [INFO] Conectando a Google Sheets...
2026-01-16 15:35:22,138 [INFO] Procesando Servidores...
2026-01-16 15:35:28,108 [INFO] Procesando Cámaras...
2026-01-16 15:35:39,869 [INFO] <<< Pipeline finalizado con éxito.
2026-01-16 15:36:02,304 [INFO] >>> Iniciando Pipeline ETL
2026-01-16 15:36:02,309 [INFO] Conectando a Firestore...
2026-01-16 15:36:11,540 [INFO] Transformando datos...
2026-01-16 15:36:11,570 [INFO] Conectando a Google Sheets...
2026-01-16 15:36:22,011 [INFO] Procesando Servidores...
2026-01-16 15:36:27,678 [INFO] Procesando Cámaras...
2026-01-16 15:36:39,526 [INFO] <<< Pipeline finalizado con éxito.
2026-01-16 16:00:02,011 [INFO] >>> Iniciando Pipeline ETL
2026-01-16 16:00:02,016 [INFO] Conectando a Firestore...
2026-01-16 16:00:11,392 [INFO] Transformando datos...
2026-01-16 16:00:11,422 [INFO] Conectando a Google Sheets...
2026-01-16 16:00:22,017 [INFO] Procesando Servidores...
2026-01-16 16:00:28,140 [INFO] Procesando Cámaras...
2026-01-16 16:00:39,541 [INFO] <<< Pipeline finalizado con éxito.
